Analysis & Synthesis report for GG_AV
Tue Dec 30 19:21:55 2014
Quartus II Version 9.1 Build 222 10/21/2009 SJ Full Version


---------------------
; Table of Contents ;
---------------------
  1. Legal Notice
  2. Analysis & Synthesis Summary
  3. Analysis & Synthesis Settings
  4. Parallel Compilation
  5. Analysis & Synthesis Source Files Read
  6. Analysis & Synthesis Resource Usage Summary
  7. Analysis & Synthesis Resource Utilization by Entity
  8. Analysis & Synthesis Messages



----------------
; Legal Notice ;
----------------
Copyright (C) 1991-2009 Altera Corporation
Your use of Altera Corporation's design tools, logic functions 
and other software and tools, and its AMPP partner logic 
functions, and any output files from any of the foregoing 
(including device programming or simulation files), and any 
associated documentation or information are expressly subject 
to the terms and conditions of the Altera Program License 
Subscription Agreement, Altera MegaCore Function License 
Agreement, or other applicable license agreement, including, 
without limitation, that your use is for the sole purpose of 
programming logic devices manufactured by Altera and sold by 
Altera or its authorized distributors.  Please refer to the 
applicable agreement for further details.



+------------------------------------------------------------------------+
; Analysis & Synthesis Summary                                           ;
+-----------------------------+------------------------------------------+
; Analysis & Synthesis Status ; Successful - Tue Dec 30 19:21:55 2014    ;
; Quartus II Version          ; 9.1 Build 222 10/21/2009 SJ Full Version ;
; Revision Name               ; GG_AV                                    ;
; Top-level Entity Name       ; GG_AV                                    ;
; Family                      ; MAX3000A                                 ;
; Total macrocells            ; 15                                       ;
; Total pins                  ; 23                                       ;
+-----------------------------+------------------------------------------+


+--------------------------------------------------------------------------------------------------------------+
; Analysis & Synthesis Settings                                                                                ;
+----------------------------------------------------------------------------+-----------------+---------------+
; Option                                                                     ; Setting         ; Default Value ;
+----------------------------------------------------------------------------+-----------------+---------------+
; Device                                                                     ; EPM3032ATC44-10 ;               ;
; Top-level entity name                                                      ; GG_AV           ; GG_AV         ;
; Family name                                                                ; MAX3000A        ; Stratix II    ;
; Use Generated Physical Constraints File                                    ; Off             ;               ;
; Use smart compilation                                                      ; Off             ; Off           ;
; Enable parallel Assembler and TimeQuest Timing Analyzer during compilation ; On              ; On            ;
; Enable compact report table                                                ; Off             ; Off           ;
; Create Debugging Nodes for IP Cores                                        ; Off             ; Off           ;
; Preserve fewer node names                                                  ; On              ; On            ;
; Disable OpenCore Plus hardware evaluation                                  ; Off             ; Off           ;
; Verilog Version                                                            ; Verilog_2001    ; Verilog_2001  ;
; VHDL Version                                                               ; VHDL_1993       ; VHDL_1993     ;
; State Machine Processing                                                   ; Auto            ; Auto          ;
; Safe State Machine                                                         ; Off             ; Off           ;
; Extract Verilog State Machines                                             ; On              ; On            ;
; Extract VHDL State Machines                                                ; On              ; On            ;
; Ignore Verilog initial constructs                                          ; Off             ; Off           ;
; Iteration limit for constant Verilog loops                                 ; 5000            ; 5000          ;
; Iteration limit for non-constant Verilog loops                             ; 250             ; 250           ;
; Add Pass-Through Logic to Inferred RAMs                                    ; On              ; On            ;
; Parallel Synthesis                                                         ; On              ; On            ;
; NOT Gate Push-Back                                                         ; On              ; On            ;
; Power-Up Don't Care                                                        ; On              ; On            ;
; Remove Duplicate Registers                                                 ; On              ; On            ;
; Ignore CARRY Buffers                                                       ; Off             ; Off           ;
; Ignore CASCADE Buffers                                                     ; Off             ; Off           ;
; Ignore GLOBAL Buffers                                                      ; Off             ; Off           ;
; Ignore ROW GLOBAL Buffers                                                  ; Off             ; Off           ;
; Ignore LCELL Buffers                                                       ; Auto            ; Auto          ;
; Ignore SOFT Buffers                                                        ; Off             ; Off           ;
; Limit AHDL Integers to 32 Bits                                             ; Off             ; Off           ;
; Optimization Technique                                                     ; Speed           ; Speed         ;
; Allow XOR Gate Usage                                                       ; On              ; On            ;
; Auto Logic Cell Insertion                                                  ; On              ; On            ;
; Parallel Expander Chain Length                                             ; 4               ; 4             ;
; Auto Parallel Expanders                                                    ; On              ; On            ;
; Auto Open-Drain Pins                                                       ; On              ; On            ;
; Auto Resource Sharing                                                      ; Off             ; Off           ;
; Maximum Fan-in Per Macrocell                                               ; 100             ; 100           ;
; Use LogicLock Constraints during Resource Balancing                        ; On              ; On            ;
; Ignore translate_off and synthesis_off directives                          ; Off             ; Off           ;
; Show Parameter Settings Tables in Synthesis Report                         ; On              ; On            ;
; HDL message level                                                          ; Level2          ; Level2        ;
; Suppress Register Optimization Related Messages                            ; Off             ; Off           ;
; Number of Removed Registers Reported in Synthesis Report                   ; 100             ; 100           ;
; Number of Inverted Registers Reported in Synthesis Report                  ; 100             ; 100           ;
; Block Design Naming                                                        ; Auto            ; Auto          ;
; Synthesis Effort                                                           ; Auto            ; Auto          ;
; Shift Register Replacement - Allow Asynchronous Clear Signal               ; On              ; On            ;
; Analysis & Synthesis Message Level                                         ; Medium          ; Medium        ;
; Disable Register Merging Across Hierarchies                                ; Auto            ; Auto          ;
+----------------------------------------------------------------------------+-----------------+---------------+


+------------------------------------------+
; Parallel Compilation                     ;
+----------------------------+-------------+
; Processors                 ; Number      ;
+----------------------------+-------------+
; Number detected on machine ; 4           ;
; Maximum allowed            ; 4           ;
;                            ;             ;
; Average used               ; 1.00        ;
; Maximum used               ; 1           ;
;                            ;             ;
; Usage by Processor         ; % Time Used ;
;     1 processor            ; 100.0%      ;
;     2-4 processors         ;   0.0%      ;
+----------------------------+-------------+


+--------------------------------------------------------------------------------------------------------------------------------------+
; Analysis & Synthesis Source Files Read                                                                                               ;
+----------------------------------+-----------------+-----------------+---------------------------------------------------------------+
; File Name with User-Entered Path ; Used in Netlist ; File Type       ; File Name with Absolute Path                                  ;
+----------------------------------+-----------------+-----------------+---------------------------------------------------------------+
; GG_AV.vhd                        ; yes             ; User VHDL File  ; C:/Documents and Settings/Administrator/gamegear_av/GG_AV.vhd ;
+----------------------------------+-----------------+-----------------+---------------------------------------------------------------+


+---------------------------------------------+
; Analysis & Synthesis Resource Usage Summary ;
+----------------------+----------------------+
; Resource             ; Usage                ;
+----------------------+----------------------+
; Logic cells          ; 15                   ;
; Total registers      ; 0                    ;
; I/O pins             ; 23                   ;
; Maximum fan-out node ; ~GND~0               ;
; Maximum fan-out      ; 1                    ;
; Total fan-out        ; 15                   ;
; Average fan-out      ; 0.39                 ;
+----------------------+----------------------+


+-------------------------------------------------------------------------------------+
; Analysis & Synthesis Resource Utilization by Entity                                 ;
+----------------------------+------------+------+---------------------+--------------+
; Compilation Hierarchy Node ; Macrocells ; Pins ; Full Hierarchy Name ; Library Name ;
+----------------------------+------------+------+---------------------+--------------+
; |GG_AV                     ; 15         ; 23   ; |GG_AV              ; work         ;
+----------------------------+------------+------+---------------------+--------------+


+-------------------------------+
; Analysis & Synthesis Messages ;
+-------------------------------+
Info: *******************************************************************
Info: Running Quartus II Analysis & Synthesis
    Info: Version 9.1 Build 222 10/21/2009 SJ Full Version
    Info: Processing started: Tue Dec 30 19:21:53 2014
Info: Command: quartus_map --read_settings_files=on --write_settings_files=off GG_AV -c GG_AV
Info: Parallel compilation is enabled and will use 4 of the 4 processors detected
Info: Found 2 design units, including 1 entities, in source file gg_av.vhd
    Info: Found design unit 1: GG_AV-behavioral
    Info: Found entity 1: GG_AV
Info: Elaborating entity "GG_AV" for the top level hierarchy
Warning (10541): VHDL Signal Declaration warning at GG_AV.vhd(8): used implicit default value for signal "red_out" because signal was never assigned a value or an explicit default value. Use of implicit default value may introduce unintended design optimizations.
Warning (10541): VHDL Signal Declaration warning at GG_AV.vhd(9): used implicit default value for signal "green_out" because signal was never assigned a value or an explicit default value. Use of implicit default value may introduce unintended design optimizations.
Warning (10541): VHDL Signal Declaration warning at GG_AV.vhd(10): used implicit default value for signal "blue_out" because signal was never assigned a value or an explicit default value. Use of implicit default value may introduce unintended design optimizations.
Warning (10541): VHDL Signal Declaration warning at GG_AV.vhd(15): used implicit default value for signal "sc_out" because signal was never assigned a value or an explicit default value. Use of implicit default value may introduce unintended design optimizations.
Warning (10541): VHDL Signal Declaration warning at GG_AV.vhd(16): used implicit default value for signal "cs_out" because signal was never assigned a value or an explicit default value. Use of implicit default value may introduce unintended design optimizations.
Warning (10541): VHDL Signal Declaration warning at GG_AV.vhd(18): used implicit default value for signal "en_out" because signal was never assigned a value or an explicit default value. Use of implicit default value may introduce unintended design optimizations.
Warning: Output pins are stuck at VCC or GND
    Warning (13410): Pin "red_out[3]" is stuck at GND
    Warning (13410): Pin "red_out[2]" is stuck at GND
    Warning (13410): Pin "red_out[1]" is stuck at GND
    Warning (13410): Pin "red_out[0]" is stuck at GND
    Warning (13410): Pin "green_out[3]" is stuck at GND
    Warning (13410): Pin "green_out[2]" is stuck at GND
    Warning (13410): Pin "green_out[1]" is stuck at GND
    Warning (13410): Pin "green_out[0]" is stuck at GND
    Warning (13410): Pin "blue_out[3]" is stuck at GND
    Warning (13410): Pin "blue_out[2]" is stuck at GND
    Warning (13410): Pin "blue_out[1]" is stuck at GND
    Warning (13410): Pin "blue_out[0]" is stuck at GND
    Warning (13410): Pin "sc_out" is stuck at GND
    Warning (13410): Pin "cs_out" is stuck at GND
    Warning (13410): Pin "en_out" is stuck at GND
Warning: Design contains 8 input pin(s) that do not drive logic
    Warning (15610): No output dependent on input pin "d_in[3]"
    Warning (15610): No output dependent on input pin "d_in[2]"
    Warning (15610): No output dependent on input pin "d_in[1]"
    Warning (15610): No output dependent on input pin "d_in[0]"
    Warning (15610): No output dependent on input pin "csync"
    Warning (15610): No output dependent on input pin "hsync"
    Warning (15610): No output dependent on input pin "pix_clk"
    Warning (15610): No output dependent on input pin "en_in"
Info: Implemented 38 device resources after synthesis - the final resource count might be different
    Info: Implemented 8 input pins
    Info: Implemented 15 output pins
    Info: Implemented 15 macrocells
Info: Quartus II Analysis & Synthesis was successful. 0 errors, 31 warnings
    Info: Peak virtual memory: 179 megabytes
    Info: Processing ended: Tue Dec 30 19:21:55 2014
    Info: Elapsed time: 00:00:02
    Info: Total CPU time (on all processors): 00:00:02


