Fitter report for GG_AV
Fri Jan 02 07:44:27 2015
Quartus II Version 9.1 Build 222 10/21/2009 SJ Full Version


---------------------
; Table of Contents ;
---------------------
  1. Legal Notice
  2. Fitter Summary
  3. Fitter Settings
  4. Fitter Resource Usage Summary
  5. Input Pins
  6. Output Pins
  7. I/O Bank Usage
  8. All Package Pins
  9. Output Pin Default Load For Reported TCO
 10. Fitter Resource Utilization by Entity
 11. Control Signals
 12. Global & Other Fast Signals
 13. Non-Global High Fan-Out Signals
 14. Fitter Device Options
 15. Fitter Messages



----------------
; Legal Notice ;
----------------
Copyright (C) 1991-2009 Altera Corporation
Your use of Altera Corporation's design tools, logic functions 
and other software and tools, and its AMPP partner logic 
functions, and any output files from any of the foregoing 
(including device programming or simulation files), and any 
associated documentation or information are expressly subject 
to the terms and conditions of the Altera Program License 
Subscription Agreement, Altera MegaCore Function License 
Agreement, or other applicable license agreement, including, 
without limitation, that your use is for the sole purpose of 
programming logic devices manufactured by Altera and sold by 
Altera or its authorized distributors.  Please refer to the 
applicable agreement for further details.



+------------------------------------------------------------------+
; Fitter Summary                                                   ;
+-----------------------+------------------------------------------+
; Fitter Status         ; Failed - Fri Jan 02 07:44:27 2015        ;
; Quartus II Version    ; 9.1 Build 222 10/21/2009 SJ Full Version ;
; Revision Name         ; GG_AV                                    ;
; Top-level Entity Name ; GG_AV                                    ;
; Family                ; MAX3000A                                 ;
; Device                ; EPM3032ATC44-10                          ;
; Timing Models         ; Final                                    ;
; Total macrocells      ; 33 / 32 ( 103 % )                        ;
; Total pins            ; 27 / 34 ( 79 % )                         ;
+-----------------------+------------------------------------------+


+--------------------------------------------------------------------------------------------------------------+
; Fitter Settings                                                                                              ;
+----------------------------------------------------------------------------+-----------------+---------------+
; Option                                                                     ; Setting         ; Default Value ;
+----------------------------------------------------------------------------+-----------------+---------------+
; Device                                                                     ; EPM3032ATC44-10 ;               ;
; Use smart compilation                                                      ; Off             ; Off           ;
; Enable parallel Assembler and TimeQuest Timing Analyzer during compilation ; On              ; On            ;
; Enable compact report table                                                ; Off             ; Off           ;
; Use TimeQuest Timing Analyzer                                              ; Off             ; Off           ;
; Optimize Timing for ECOs                                                   ; Off             ; Off           ;
; Regenerate full fit report during ECO compiles                             ; Off             ; Off           ;
; Optimize IOC Register Placement for Timing                                 ; On              ; On            ;
; Limit to One Fitting Attempt                                               ; Off             ; Off           ;
; Fitter Initial Placement Seed                                              ; 1               ; 1             ;
; Slow Slew Rate                                                             ; Off             ; Off           ;
; Fitter Effort                                                              ; Auto Fit        ; Auto Fit      ;
; Force Fitter to Avoid Periphery Placement Warnings                         ; Off             ; Off           ;
; Use Best Effort Settings for Compilation                                   ; Off             ; Off           ;
+----------------------------------------------------------------------------+-----------------+---------------+


+-------------------------------------------------------+
; Fitter Resource Usage Summary                         ;
+-----------------------------------+-------------------+
; Resource                          ; Usage             ;
+-----------------------------------+-------------------+
; Logic cells                       ; 33 / 32 ( 103 % ) ;
; Registers                         ; 32 / 32 ( 100 % ) ;
; Number of pterms used             ; 57                ;
; User inserted logic elements      ; 0                 ;
; I/O pins                          ; 27 / 34 ( 79 % )  ;
;     -- Clock pins                 ; 0 / 2 ( 0 % )     ;
;     -- Dedicated input pins       ; 0 / 2 ( 0 % )     ;
; Global signals                    ; 1                 ;
; Shareable expanders               ; 0 / 32 ( 0 % )    ;
; Parallel expanders                ; 0 / 30 ( 0 % )    ;
; Cells using turbo bit             ; 33 / 32 ( 103 % ) ;
; Maximum fan-out node              ; ffb               ;
; Maximum fan-out                   ; 9                 ;
; Highest non-global fan-out signal ; ffb               ;
; Highest non-global fan-out        ; 9                 ;
; Total fan-out                     ; 84                ;
; Average fan-out                   ; 1.40              ;
+-----------------------------------+-------------------+


+-----------------------------------------------------------------------------------------------------------------------------+
; Input Pins                                                                                                                  ;
+---------+------------+----------+-----------------------+--------------------+--------+--------------+----------------------+
; Name    ; Pin #      ; I/O Bank ; Combinational Fan-Out ; Registered Fan-Out ; Global ; I/O Standard ; Location assigned by ;
+---------+------------+----------+-----------------------+--------------------+--------+--------------+----------------------+
; csync   ; Unassigned ; --       ; 1                     ; 0                  ; no     ; 3.3-V LVTTL  ; User                 ;
; d_in[0] ; Unassigned ; --       ; 3                     ; 0                  ; no     ; 3.3-V LVTTL  ; User                 ;
; d_in[1] ; Unassigned ; --       ; 3                     ; 0                  ; no     ; 3.3-V LVTTL  ; User                 ;
; d_in[2] ; Unassigned ; --       ; 3                     ; 0                  ; no     ; 3.3-V LVTTL  ; User                 ;
; d_in[3] ; Unassigned ; --       ; 3                     ; 0                  ; no     ; 3.3-V LVTTL  ; User                 ;
; en_in   ; Unassigned ; --       ; 0                     ; 0                  ; no     ; 3.3-V LVTTL  ; User                 ;
; hsync   ; Unassigned ; --       ; 3                     ; 0                  ; no     ; 3.3-V LVTTL  ; User                 ;
; pix_clk ; Unassigned ; --       ; 8                     ; 0                  ; yes    ; 3.3-V LVTTL  ; User                 ;
+---------+------------+----------+-----------------------+--------------------+--------+--------------+----------------------+


+-------------------------------------------------------------------------------------------------------------------------------------------------------------------------------------------------+
; Output Pins                                                                                                                                                                                     ;
+--------------+------------+----------+-----------------+----------------+------------+---------------+--------------+----------------------+-------+----------------------+---------------------+
; Name         ; Pin #      ; I/O Bank ; Output Register ; Slow Slew Rate ; Open Drain ; TRI Primitive ; I/O Standard ; Location assigned by ; Load  ; Output Enable Source ; Output Enable Group ;
+--------------+------------+----------+-----------------+----------------+------------+---------------+--------------+----------------------+-------+----------------------+---------------------+
; blue_out[0]  ; Unassigned ; --       ; no              ; no             ; no         ; no            ; 3.3-V LVTTL  ; User                 ; 10 pF ; -                    ; -                   ;
; blue_out[1]  ; Unassigned ; --       ; no              ; no             ; no         ; no            ; 3.3-V LVTTL  ; User                 ; 10 pF ; -                    ; -                   ;
; blue_out[2]  ; Unassigned ; --       ; no              ; no             ; no         ; no            ; 3.3-V LVTTL  ; User                 ; 10 pF ; -                    ; -                   ;
; blue_out[3]  ; Unassigned ; --       ; no              ; no             ; no         ; no            ; 3.3-V LVTTL  ; User                 ; 10 pF ; -                    ; -                   ;
; cs_out       ; Unassigned ; --       ; no              ; no             ; no         ; no            ; 3.3-V LVTTL  ; User                 ; 10 pF ; -                    ; -                   ;
; en_out       ; Unassigned ; --       ; no              ; no             ; no         ; no            ; 3.3-V LVTTL  ; User                 ; 10 pF ; -                    ; -                   ;
; green_out[0] ; Unassigned ; --       ; no              ; no             ; no         ; no            ; 3.3-V LVTTL  ; User                 ; 10 pF ; -                    ; -                   ;
; green_out[1] ; Unassigned ; --       ; no              ; no             ; no         ; no            ; 3.3-V LVTTL  ; User                 ; 10 pF ; -                    ; -                   ;
; green_out[2] ; Unassigned ; --       ; no              ; no             ; no         ; no            ; 3.3-V LVTTL  ; User                 ; 10 pF ; -                    ; -                   ;
; green_out[3] ; Unassigned ; --       ; no              ; no             ; no         ; no            ; 3.3-V LVTTL  ; User                 ; 10 pF ; -                    ; -                   ;
; red_out[0]   ; Unassigned ; --       ; no              ; no             ; no         ; no            ; 3.3-V LVTTL  ; User                 ; 10 pF ; -                    ; -                   ;
; red_out[1]   ; Unassigned ; --       ; no              ; no             ; no         ; no            ; 3.3-V LVTTL  ; User                 ; 10 pF ; -                    ; -                   ;
; red_out[2]   ; Unassigned ; --       ; no              ; no             ; no         ; no            ; 3.3-V LVTTL  ; User                 ; 10 pF ; -                    ; -                   ;
; red_out[3]   ; Unassigned ; --       ; no              ; no             ; no         ; no            ; 3.3-V LVTTL  ; User                 ; 10 pF ; -                    ; -                   ;
; sc_out       ; Unassigned ; --       ; no              ; no             ; no         ; no            ; 3.3-V LVTTL  ; User                 ; 10 pF ; -                    ; -                   ;
+--------------+------------+----------+-----------------+----------------+------------+---------------+--------------+----------------------+-------+----------------------+---------------------+


+-------------------------------------------------+
; I/O Bank Usage                                  ;
+----------+-------+---------------+--------------+
; I/O Bank ; Usage ; VCCIO Voltage ; VREF Voltage ;
+----------+-------+---------------+--------------+
; Unknown  ; 27    ; --            ;              ;
+----------+-------+---------------+--------------+


+------------------------------------------------------------------------------------------------------+
; All Package Pins                                                                                     ;
+----------+------------+----------+----------------+-------+--------------+---------+-----------------+
; Location ; Pad Number ; I/O Bank ; Pin Name/Usage ; Dir.  ; I/O Standard ; Voltage ; User Assignment ;
+----------+------------+----------+----------------+-------+--------------+---------+-----------------+
; 1        ; 6          ; --       ; RESERVED       ;       ;              ;         ;                 ;
; 2        ; 7          ; --       ; RESERVED       ;       ;              ;         ;                 ;
; 3        ; 8          ; --       ; RESERVED       ;       ;              ;         ;                 ;
; 4        ; 9          ; --       ; GND            ; gnd   ;              ;         ;                 ;
; 5        ; 10         ; --       ; RESERVED       ;       ;              ;         ;                 ;
; 6        ; 11         ; --       ; RESERVED       ;       ;              ;         ;                 ;
; 7        ; 12         ; --       ; RESERVED       ;       ;              ;         ;                 ;
; 8        ; 13         ; --       ; RESERVED       ;       ;              ;         ;                 ;
; 9        ; 14         ; --       ; VCCIO          ; power ;              ; 3.3V    ;                 ;
; 10       ; 15         ; --       ; RESERVED       ;       ;              ;         ;                 ;
; 11       ; 16         ; --       ; GND            ; gnd   ;              ;         ;                 ;
; 12       ; 17         ; --       ; RESERVED       ;       ;              ;         ;                 ;
; 13       ; 18         ; --       ; RESERVED       ;       ;              ;         ;                 ;
; 14       ; 19         ; --       ; RESERVED       ;       ;              ;         ;                 ;
; 15       ; 20         ; --       ; RESERVED       ;       ;              ;         ;                 ;
; 16       ; 21         ; --       ; GND            ; gnd   ;              ;         ;                 ;
; 17       ; 22         ; --       ; VCCINT         ; power ;              ; 3.3V    ;                 ;
; 18       ; 23         ; --       ; RESERVED       ;       ;              ;         ;                 ;
; 19       ; 24         ; --       ; RESERVED       ;       ;              ;         ;                 ;
; 20       ; 25         ; --       ; RESERVED       ;       ;              ;         ;                 ;
; 21       ; 26         ; --       ; RESERVED       ;       ;              ;         ;                 ;
; 22       ; 27         ; --       ; RESERVED       ;       ;              ;         ;                 ;
; 23       ; 28         ; --       ; RESERVED       ;       ;              ;         ;                 ;
; 24       ; 29         ; --       ; GND            ; gnd   ;              ;         ;                 ;
; 25       ; 30         ; --       ; RESERVED       ;       ;              ;         ;                 ;
; 26       ; 31         ; --       ; RESERVED       ;       ;              ;         ;                 ;
; 27       ; 32         ; --       ; RESERVED       ;       ;              ;         ;                 ;
; 28       ; 33         ; --       ; RESERVED       ;       ;              ;         ;                 ;
; 29       ; 34         ; --       ; VCCIO          ; power ;              ; 3.3V    ;                 ;
; 30       ; 35         ; --       ; GND            ; gnd   ;              ;         ;                 ;
; 31       ; 36         ; --       ; RESERVED       ;       ;              ;         ;                 ;
; 32       ; 37         ; --       ; RESERVED       ;       ;              ;         ;                 ;
; 33       ; 38         ; --       ; RESERVED       ;       ;              ;         ;                 ;
; 34       ; 39         ; --       ; RESERVED       ;       ;              ;         ;                 ;
; 35       ; 40         ; --       ; RESERVED       ;       ;              ;         ;                 ;
; 36       ; 41         ; --       ; GND            ; gnd   ;              ;         ;                 ;
; 37       ; 42         ; --       ; GND+           ;       ;              ;         ;                 ;
; 38       ; 43         ; --       ; GND+           ;       ;              ;         ;                 ;
; 39       ; 0          ; --       ; GND+           ;       ;              ;         ;                 ;
; 40       ; 1          ; --       ; GND+           ;       ;              ;         ;                 ;
; 41       ; 2          ; --       ; VCCINT         ; power ;              ; 3.3V    ;                 ;
; 42       ; 3          ; --       ; RESERVED       ;       ;              ;         ;                 ;
; 43       ; 4          ; --       ; RESERVED       ;       ;              ;         ;                 ;
; 44       ; 5          ; --       ; RESERVED       ;       ;              ;         ;                 ;
+----------+------------+----------+----------------+-------+--------------+---------+-----------------+
Note: Pin directions (input, output or bidir) are based on device operating in user mode.


+-----------------------------------------------+
; Output Pin Default Load For Reported TCO      ;
+--------------+-------+------------------------+
; I/O Standard ; Load  ; Termination Resistance ;
+--------------+-------+------------------------+
; 3.3-V LVTTL  ; 10 pF ; Not Available          ;
; 3.3-V LVCMOS ; 10 pF ; Not Available          ;
; 3.3-V PCI    ; 10 pF ; 25 Ohm (Parallel)      ;
; 2.5 V        ; 10 pF ; Not Available          ;
+--------------+-------+------------------------+
Note: User assignments will override these defaults. The user specified values are listed in the Output Pins and Bidir Pins tables.


+-------------------------------------------------------------------------------------+
; Fitter Resource Utilization by Entity                                               ;
+----------------------------+------------+------+---------------------+--------------+
; Compilation Hierarchy Node ; Macrocells ; Pins ; Full Hierarchy Name ; Library Name ;
+----------------------------+------------+------+---------------------+--------------+
; |GG_AV                     ; 33         ; 27   ; |GG_AV              ; work         ;
+----------------------------+------------+------+---------------------+--------------+


+-------------------------------------------------------------------------------------------+
; Control Signals                                                                           ;
+---------+------------+---------+-------+--------+----------------------+------------------+
; Name    ; Location   ; Fan-Out ; Usage ; Global ; Global Resource Used ; Global Line Name ;
+---------+------------+---------+-------+--------+----------------------+------------------+
; ffa     ; Unassigned ; 9       ; Clock ; no     ; --                   ; --               ;
; ffb     ; Unassigned ; 9       ; Clock ; no     ; --                   ; --               ;
; ffc     ; Unassigned ; 9       ; Clock ; no     ; --                   ; --               ;
; pix_clk ; Unassigned ; 8       ; Clock ; yes    ; On                   ; Not Available    ;
+---------+------------+---------+-------+--------+----------------------+------------------+


+--------------------------------------------------------------------------+
; Global & Other Fast Signals                                              ;
+---------+------------+---------+----------------------+------------------+
; Name    ; Location   ; Fan-Out ; Global Resource Used ; Global Line Name ;
+---------+------------+---------+----------------------+------------------+
; pix_clk ; Unassigned ; 8       ; On                   ; Not Available    ;
+---------+------------+---------+----------------------+------------------+


+---------------------------------+
; Non-Global High Fan-Out Signals ;
+-------------------+-------------+
; Name              ; Fan-Out     ;
+-------------------+-------------+
; ffa               ; 9           ;
; ffc               ; 9           ;
; ffb               ; 9           ;
; d_in[0]           ; 3           ;
; d_in[1]           ; 3           ;
; d_in[2]           ; 3           ;
; hsync             ; 3           ;
; d_in[3]           ; 3           ;
; cnt[0]            ; 3           ;
; cnt[1]            ; 2           ;
; csync             ; 1           ;
; ~VCC~1            ; 1           ;
; sc_out~reg0       ; 1           ;
; cnt[2]            ; 1           ;
; red_out[0]~reg0   ; 1           ;
; red_out[1]~reg0   ; 1           ;
; red_out[2]~reg0   ; 1           ;
; red_out[3]~reg0   ; 1           ;
; red_dff[0]        ; 1           ;
; red_dff[1]        ; 1           ;
; red_dff[2]        ; 1           ;
; red_dff[3]        ; 1           ;
; green_out[0]~reg0 ; 1           ;
; green_out[1]~reg0 ; 1           ;
; green_out[2]~reg0 ; 1           ;
; green_out[3]~reg0 ; 1           ;
; green_dff[0]      ; 1           ;
; green_dff[1]      ; 1           ;
; green_dff[2]      ; 1           ;
; green_dff[3]      ; 1           ;
; blue_out[0]~reg0  ; 1           ;
; blue_out[1]~reg0  ; 1           ;
; blue_out[2]~reg0  ; 1           ;
; blue_out[3]~reg0  ; 1           ;
; blue_dff[0]       ; 1           ;
; blue_dff[1]       ; 1           ;
; blue_dff[2]       ; 1           ;
; blue_dff[3]       ; 1           ;
; cs_out~reg0       ; 1           ;
+-------------------+-------------+


+---------------------------------------------------------------+
; Fitter Device Options                                         ;
+----------------------------------------------+----------------+
; Option                                       ; Setting        ;
+----------------------------------------------+----------------+
; Enable user-supplied start-up clock (CLKUSR) ; Off            ;
; Enable device-wide reset (DEV_CLRn)          ; Off            ;
; Enable device-wide output enable (DEV_OE)    ; Off            ;
; Enable INIT_DONE output                      ; Off            ;
; Configuration scheme                         ; Passive Serial ;
; Security bit                                 ; Off            ;
; Base pin-out file on sameframe device        ; Off            ;
+----------------------------------------------+----------------+


+-----------------+
; Fitter Messages ;
+-----------------+
Info: *******************************************************************
Info: Running Quartus II Fitter
    Info: Version 9.1 Build 222 10/21/2009 SJ Full Version
    Info: Processing started: Fri Jan 02 07:44:26 2015
Info: Command: quartus_fit --read_settings_files=off --write_settings_files=off GG_AV -c GG_AV
Info: Only one processor detected - disabling parallel compilation
Info: Selected device EPM3032ATC44-10 for design "GG_AV"
Error: Design requires 33 macrocells, but the selected device can contain only 32 macrocells
Error: Can't find fit
Error: Quartus II Fitter was unsuccessful. 2 errors, 0 warnings
    Error: Peak virtual memory: 156 megabytes
    Error: Processing ended: Fri Jan 02 07:44:27 2015
    Error: Elapsed time: 00:00:01
    Error: Total CPU time (on all processors): 00:00:00


