Design Assistant report for GG_AV
Sun Jan 11 22:52:38 2015
Quartus II Version 9.1 Build 222 10/21/2009 SJ Full Version


---------------------
; Table of Contents ;
---------------------
  1. Legal Notice
  2. Design Assistant Summary
  3. Design Assistant Settings
  4. Medium Violations
  5. Information only Violations
  6. Design Assistant Messages



----------------
; Legal Notice ;
----------------
Copyright (C) 1991-2009 Altera Corporation
Your use of Altera Corporation's design tools, logic functions 
and other software and tools, and its AMPP partner logic 
functions, and any output files from any of the foregoing 
(including device programming or simulation files), and any 
associated documentation or information are expressly subject 
to the terms and conditions of the Altera Program License 
Subscription Agreement, Altera MegaCore Function License 
Agreement, or other applicable license agreement, including, 
without limitation, that your use is for the sole purpose of 
programming logic devices manufactured by Altera and sold by 
Altera or its authorized distributors.  Please refer to the 
applicable agreement for further details.



+-------------------------------------------------------------------------+
; Design Assistant Summary                                                ;
+-----------------------------------+-------------------------------------+
; Design Assistant Status           ; Analyzed - Sun Jan 11 22:52:38 2015 ;
; Revision Name                     ; GG_AV                               ;
; Top-level Entity Name             ; GG_AV                               ;
; Family                            ; MAX3000A                            ;
; Total Critical Violations         ; 0                                   ;
; Total High Violations             ; 0                                   ;
; Total Medium Violations           ; 4                                   ;
; - Rule C104                       ; 3                                   ;
; - Rule R102                       ; 1                                   ;
; Total Information only Violations ; 30                                  ;
; - Rule T102                       ; 30                                  ;
+-----------------------------------+-------------------------------------+


+----------------------------------------------------------------------------------------------------------------------------------------------------------------------------------------------------------------------------------------------------------------------------------------------------------+
; Design Assistant Settings                                                                                                                                                                                                                                                                                ;
+--------------------------------------------------------------------------------------------------------------------------------------------------------------------------------------------------------------------------------------------------------------------------------------+--------------+----+
; Option                                                                                                                                                                                                                                                                               ; Setting      ; To ;
+--------------------------------------------------------------------------------------------------------------------------------------------------------------------------------------------------------------------------------------------------------------------------------------+--------------+----+
; Design Assistant mode                                                                                                                                                                                                                                                                ; Post-Fitting ;    ;
; Threshold value for clock net not mapped to clock spines rule                                                                                                                                                                                                                        ; 25           ;    ;
; Minimum number of clock port feed by gated clocks                                                                                                                                                                                                                                    ; 30           ;    ;
; Minimum number of node fan-out                                                                                                                                                                                                                                                       ; 30           ;    ;
; Maximum number of nodes to report                                                                                                                                                                                                                                                    ; 50           ;    ;
; Rule C101: Gated clock should be implemented according to the Altera standard scheme                                                                                                                                                                                                 ; On           ;    ;
; Rule C102: Logic cell should not be used to generate an inverted clock signal                                                                                                                                                                                                        ; On           ;    ;
; Rule C103: Gated clock does not feed at least a pre-defined number of clock ports to effectively save power                                                                                                                                                                          ; On           ;    ;
; Rule C104: Clock signal source should drive only clock input ports                                                                                                                                                                                                                   ; On           ;    ;
; Rule C105: Clock signal should be a global signal (Rule applies during post-fitting analysis. This rule applies during both post-fitting analysis and post-synthesis analysis if the design targets a MAX 3000 or MAX 7000 device. For more information, see the Help for the rule.) ; On           ;    ;
; Rule C106: Clock signal source should not drive registers triggered by different clock edges                                                                                                                                                                                         ; On           ;    ;
; Rule R101: Combinational logic used as a reset signal should be synchronized                                                                                                                                                                                                         ; On           ;    ;
; Rule R102: External reset signals should be synchronized using two cascaded registers                                                                                                                                                                                                ; On           ;    ;
; Rule R103: External reset signal should be correctly synchronized                                                                                                                                                                                                                    ; On           ;    ;
; Rule R104: The reset signal that is generated in one clock domain and used in another clock domain should be correctly synchronized                                                                                                                                                  ; On           ;    ;
; Rule R105: The reset signal that is generated in one clock domain and used in another clock domain should be synchronized                                                                                                                                                            ; On           ;    ;
; Rule T101: Nodes with more than the specified number of fan-outs                                                                                                                                                                                                                     ; On           ;    ;
; Rule T102: Top nodes with the highest number of fan-outs                                                                                                                                                                                                                             ; On           ;    ;
; Rule A101: Design should not contain combinational loops                                                                                                                                                                                                                             ; On           ;    ;
; Rule A102: Register output should not drive its own control signal directly or through combinational logic                                                                                                                                                                           ; On           ;    ;
; Rule A103: Design should not contain delay chains                                                                                                                                                                                                                                    ; On           ;    ;
; Rule A104: Design should not contain ripple clock structures                                                                                                                                                                                                                         ; On           ;    ;
; Rule A105: Pulses should not be implemented asynchronously                                                                                                                                                                                                                           ; On           ;    ;
; Rule A106: Multiple pulses should not be generated in design                                                                                                                                                                                                                         ; On           ;    ;
; Rule A107: Design should not contain SR latches                                                                                                                                                                                                                                      ; On           ;    ;
; Rule A108: Design should not contain latches                                                                                                                                                                                                                                         ; On           ;    ;
; Rule S101: Output enable and input of the same tri-state node should not be driven by same signal source                                                                                                                                                                             ; On           ;    ;
; Rule S102: Synchronous port and asynchronous port of the same register should not be driven by the same signal source                                                                                                                                                                ; On           ;    ;
; Rule S103: More than one asynchronous port of a register should not be driven by the same signal source                                                                                                                                                                              ; On           ;    ;
; Rule S104: Clock port and any other port of a register should not be driven by the same signal source                                                                                                                                                                                ; On           ;    ;
; Rule D101: Data bits are not synchronized when transferred between asynchronous clock domains                                                                                                                                                                                        ; On           ;    ;
; Rule D102: Multiple data bits that are transferred across asynchronous clock domains are synchronized, but not all bits may be aligned in the receiving clock domain                                                                                                                 ; On           ;    ;
; Rule D103: Data bits are not correctly synchronized when transferred between asynchronous clock domains                                                                                                                                                                              ; On           ;    ;
; Rule M101: Data bits are not synchronized when transferred to the state machine of asynchronous clock domains                                                                                                                                                                        ; Off          ;    ;
; Rule M102: No reset signal defined to initialize the state machine                                                                                                                                                                                                                   ; Off          ;    ;
; Rule M103: State machine should not contain an unreachable state                                                                                                                                                                                                                     ; Off          ;    ;
; Rule M104: State machine should not contain a deadlock state                                                                                                                                                                                                                         ; Off          ;    ;
; Rule M105: State machine should not contain a dead transition                                                                                                                                                                                                                        ; Off          ;    ;
+--------------------------------------------------------------------------------------------------------------------------------------------------------------------------------------------------------------------------------------------------------------------------------------+--------------+----+


+------------------------------------------------------------------------------------------------------+
; Medium Violations                                                                                    ;
+---------------------------------------------------------------------------------------+--------------+
; Rule name                                                                             ; Name         ;
+---------------------------------------------------------------------------------------+--------------+
; Rule C104: Clock signal source should drive only clock input ports                    ; ffb          ;
;  Clock ports destination node(s) list                                                 ; blue_dff[0]  ;
;  Clock ports destination node(s) list                                                 ; blue_dff[1]  ;
;  Clock ports destination node(s) list                                                 ; blue_dff[2]  ;
;  Clock ports destination node(s) list                                                 ; blue_dff[3]  ;
;  Non-clock ports destination node(s) list                                             ; ffc          ;
; Rule C104: Clock signal source should drive only clock input ports                    ; ffa          ;
;  Clock ports destination node(s) list                                                 ; red_dff[0]   ;
;  Clock ports destination node(s) list                                                 ; red_dff[1]   ;
;  Clock ports destination node(s) list                                                 ; red_dff[2]   ;
;  Clock ports destination node(s) list                                                 ; red_dff[3]   ;
;  Non-clock ports destination node(s) list                                             ; ffb          ;
; Rule C104: Clock signal source should drive only clock input ports                    ; ffc          ;
;  Clock ports destination node(s) list                                                 ; green_dff[0] ;
;  Clock ports destination node(s) list                                                 ; green_dff[1] ;
;  Clock ports destination node(s) list                                                 ; green_dff[2] ;
;  Clock ports destination node(s) list                                                 ; green_dff[3] ;
;  Non-clock ports destination node(s) list                                             ; ffa          ;
; Rule R102: External reset signals should be synchronized using two cascaded registers ; hsync        ;
;  Reset signal destination node(s) list                                                ; ffb          ;
;  Reset signal destination node(s) list                                                ; ffa          ;
;  Reset signal destination node(s) list                                                ; ffc          ;
+---------------------------------------------------------------------------------------+--------------+


+---------------------------------------------------------------------------------------------------------+
; Information only Violations                                                                             ;
+----------------------------------------------------------+------------------------------------+---------+
; Rule name                                                ; Name                               ; Fan-Out ;
+----------------------------------------------------------+------------------------------------+---------+
; Rule T102: Top nodes with the highest number of fan-outs ; en_in                              ; 15      ;
; Rule T102: Top nodes with the highest number of fan-outs ; pix_clk                            ; 7       ;
; Rule T102: Top nodes with the highest number of fan-outs ; ffc                                ; 5       ;
; Rule T102: Top nodes with the highest number of fan-outs ; ffb                                ; 5       ;
; Rule T102: Top nodes with the highest number of fan-outs ; ffa                                ; 5       ;
; Rule T102: Top nodes with the highest number of fan-outs ; lpm_counter:div_nine_rtl_0|dffs[3] ; 5       ;
; Rule T102: Top nodes with the highest number of fan-outs ; lpm_counter:div_nine_rtl_0|dffs[0] ; 4       ;
; Rule T102: Top nodes with the highest number of fan-outs ; lpm_counter:div_nine_rtl_0|dffs[2] ; 3       ;
; Rule T102: Top nodes with the highest number of fan-outs ; d_in[1]                            ; 3       ;
; Rule T102: Top nodes with the highest number of fan-outs ; hsync                              ; 3       ;
; Rule T102: Top nodes with the highest number of fan-outs ; d_in[2]                            ; 3       ;
; Rule T102: Top nodes with the highest number of fan-outs ; d_in[3]                            ; 3       ;
; Rule T102: Top nodes with the highest number of fan-outs ; d_in[0]                            ; 3       ;
; Rule T102: Top nodes with the highest number of fan-outs ; lpm_counter:div_nine_rtl_0|dffs[1] ; 3       ;
; Rule T102: Top nodes with the highest number of fan-outs ; csync~1                            ; 1       ;
; Rule T102: Top nodes with the highest number of fan-outs ; csync                              ; 1       ;
; Rule T102: Top nodes with the highest number of fan-outs ; green_dff[1]                       ; 1       ;
; Rule T102: Top nodes with the highest number of fan-outs ; green_dff[0]                       ; 1       ;
; Rule T102: Top nodes with the highest number of fan-outs ; red_dff[3]                         ; 1       ;
; Rule T102: Top nodes with the highest number of fan-outs ; red_dff[2]                         ; 1       ;
; Rule T102: Top nodes with the highest number of fan-outs ; red_dff[1]                         ; 1       ;
; Rule T102: Top nodes with the highest number of fan-outs ; en_in~4                            ; 1       ;
; Rule T102: Top nodes with the highest number of fan-outs ; red_dff[0]                         ; 1       ;
; Rule T102: Top nodes with the highest number of fan-outs ; blue_dff[3]                        ; 1       ;
; Rule T102: Top nodes with the highest number of fan-outs ; op_3~1                             ; 1       ;
; Rule T102: Top nodes with the highest number of fan-outs ; blue_dff[2]                        ; 1       ;
; Rule T102: Top nodes with the highest number of fan-outs ; blue_dff[1]                        ; 1       ;
; Rule T102: Top nodes with the highest number of fan-outs ; blue_dff[0]                        ; 1       ;
; Rule T102: Top nodes with the highest number of fan-outs ; green_dff[3]                       ; 1       ;
; Rule T102: Top nodes with the highest number of fan-outs ; green_dff[2]                       ; 1       ;
+----------------------------------------------------------+------------------------------------+---------+


+---------------------------+
; Design Assistant Messages ;
+---------------------------+
Info: *******************************************************************
Info: Running Quartus II Design Assistant
    Info: Version 9.1 Build 222 10/21/2009 SJ Full Version
    Info: Processing started: Sun Jan 11 22:52:38 2015
Info: Command: quartus_drc --read_settings_files=off --write_settings_files=off GG_AV -c GG_AV
Warning: (Medium) Rule C104: Clock signal source should drive only clock input ports. Found 3 nodes related to this rule.
    Warning: Node  "ffb"
    Warning: Node  "ffa"
    Warning: Node  "ffc"
Warning: (Medium) Rule R102: External reset signals should be synchronized using two cascaded registers. Found 1 node(s) related to this rule.
    Warning: Node  "hsync"
Info: (Information) Rule T102: Top nodes with the highest number of fan-outs. (Value defined:50). Found 30 node(s) with highest fan-out.
    Info: Node  "en_in"
    Info: Node  "pix_clk"
    Info: Node  "ffc"
    Info: Node  "ffb"
    Info: Node  "ffa"
    Info: Node  "lpm_counter:div_nine_rtl_0|dffs[3]"
    Info: Node  "lpm_counter:div_nine_rtl_0|dffs[0]"
    Info: Node  "lpm_counter:div_nine_rtl_0|dffs[2]"
    Info: Node  "d_in[1]"
    Info: Node  "hsync"
    Info: Node  "d_in[2]"
    Info: Node  "d_in[3]"
    Info: Node  "d_in[0]"
    Info: Node  "lpm_counter:div_nine_rtl_0|dffs[1]"
    Info: Node  "csync~1"
    Info: Node  "csync"
    Info: Node  "green_dff[1]"
    Info: Node  "green_dff[0]"
    Info: Node  "red_dff[3]"
    Info: Node  "red_dff[2]"
    Info: Node  "red_dff[1]"
    Info: Node  "en_in~4"
    Info: Node  "red_dff[0]"
    Info: Node  "blue_dff[3]"
    Info: Node  "op_3~1"
    Info: Node  "blue_dff[2]"
    Info: Node  "blue_dff[1]"
    Info: Node  "blue_dff[0]"
    Info: Node  "green_dff[3]"
    Info: Node  "green_dff[2]"
Info: Design Assistant information: finished post-fitting analysis of current design -- generated 30 information messages and 4 warning messages
Info: Quartus II Design Assistant was successful. 0 errors, 6 warnings
    Info: Peak virtual memory: 131 megabytes
    Info: Processing ended: Sun Jan 11 22:52:38 2015
    Info: Elapsed time: 00:00:00
    Info: Total CPU time (on all processors): 00:00:01


