Flow report for GG_AV
Sun Jan 11 22:52:38 2015
Quartus II Version 9.1 Build 222 10/21/2009 SJ Full Version


---------------------
; Table of Contents ;
---------------------
  1. Legal Notice
  2. Flow Summary
  3. Flow Settings
  4. Flow Non-Default Global Settings
  5. Flow Elapsed Time
  6. Flow OS Summary
  7. Flow Log



----------------
; Legal Notice ;
----------------
Copyright (C) 1991-2009 Altera Corporation
Your use of Altera Corporation's design tools, logic functions 
and other software and tools, and its AMPP partner logic 
functions, and any output files from any of the foregoing 
(including device programming or simulation files), and any 
associated documentation or information are expressly subject 
to the terms and conditions of the Altera Program License 
Subscription Agreement, Altera MegaCore Function License 
Agreement, or other applicable license agreement, including, 
without limitation, that your use is for the sole purpose of 
programming logic devices manufactured by Altera and sold by 
Altera or its authorized distributors.  Please refer to the 
applicable agreement for further details.



+--------------------------------------------------------------------+
; Flow Summary                                                       ;
+-------------------------+------------------------------------------+
; Flow Status             ; Analyzed - Sun Jan 11 22:52:38 2015      ;
; Quartus II Version      ; 9.1 Build 222 10/21/2009 SJ Full Version ;
; Revision Name           ; GG_AV                                    ;
; Top-level Entity Name   ; GG_AV                                    ;
; Family                  ; MAX3000A                                 ;
; Device                  ; EPM3032ATC44-10                          ;
; Timing Models           ; Final                                    ;
; Met timing requirements ; Yes                                      ;
; Total macrocells        ; 22 / 32 ( 69 % )                         ;
; Total pins              ; 27 / 34 ( 79 % )                         ;
+-------------------------+------------------------------------------+


+-----------------------------------------+
; Flow Settings                           ;
+-------------------+---------------------+
; Option            ; Setting             ;
+-------------------+---------------------+
; Start date & time ; 01/11/2015 22:52:26 ;
; Main task         ; Compilation         ;
; Revision Name     ; GG_AV               ;
+-------------------+---------------------+


+-----------------------------------------------------------------------------------------------------------------------------------------------------------+
; Flow Non-Default Global Settings                                                                                                                          ;
+------------------------------------+-----------------------------------------------------------------+---------------+-------------+----------------------+
; Assignment Name                    ; Value                                                           ; Default Value ; Entity Name ; Section Id           ;
+------------------------------------+-----------------------------------------------------------------+---------------+-------------+----------------------+
; COMPILER_SIGNATURE_ID              ; 155355906049.142098794603584                                    ; --            ; --          ; --                   ;
; EDA_DESIGN_ENTRY_SYNTHESIS_TOOL    ; Blast FPGA                                                      ; <None>        ; GG_AV.tdf   ; --                   ;
; EDA_INPUT_DATA_FORMAT              ; Vqm                                                             ; --            ; GG_AV.tdf   ; eda_design_synthesis ;
; EDA_INPUT_GND_NAME                 ; Gnd                                                             ; --            ; GG_AV.tdf   ; eda_design_synthesis ;
; EDA_INPUT_VCC_NAME                 ; Vdd                                                             ; --            ; GG_AV.tdf   ; eda_design_synthesis ;
; EDA_LMF_FILE                       ; blast.lmf                                                       ; --            ; GG_AV.tdf   ; eda_design_synthesis ;
; EDA_RUN_TOOL_AUTOMATICALLY         ; Off                                                             ; --            ; GG_AV.tdf   ; eda_design_synthesis ;
; EDA_SHOW_LMF_MAPPING_MESSAGES      ; Off                                                             ; --            ; GG_AV.tdf   ; eda_design_synthesis ;
; ENABLE_DRC_SETTINGS                ; On                                                              ; Off           ; --          ; --                   ;
; FITTER_EFFORT                      ; Standard Fit                                                    ; Auto Fit      ; --          ; --                   ;
; MAX7000_OPTIMIZATION_TECHNIQUE     ; Balanced                                                        ; Speed         ; --          ; --                   ;
; MISC_FILE                          ; C:/Documents and Settings/Administrator/Desktop/GG_AV/GG_AV.dpf ; --            ; --          ; --                   ;
; MISC_FILE                          ; C:/Documents and Settings/Administrator/gamegear_av/GG_AV.dpf   ; --            ; --          ; --                   ;
; MISC_FILE                          ; C:/Documents and Settings/steward/gamegear_av/GG_AV.dpf         ; --            ; --          ; --                   ;
; OPTIMIZE_HOLD_TIMING               ; Off                                                             ; --            ; --          ; --                   ;
; SMART_RECOMPILE                    ; On                                                              ; Off           ; --          ; --                   ;
; SYNTH_TIMING_DRIVEN_SYNTHESIS      ; Off                                                             ; --            ; --          ; --                   ;
; USE_GENERATED_PHYSICAL_CONSTRAINTS ; Off                                                             ; --            ; --          ; eda_blast_fpga       ;
+------------------------------------+-----------------------------------------------------------------+---------------+-------------+----------------------+


+-----------------------------------------------------------------------------------------------------------------------------+
; Flow Elapsed Time                                                                                                           ;
+-------------------------+--------------+-------------------------+---------------------+------------------------------------+
; Module Name             ; Elapsed Time ; Average Processors Used ; Peak Virtual Memory ; Total CPU Time (on all processors) ;
+-------------------------+--------------+-------------------------+---------------------+------------------------------------+
; Analysis & Synthesis    ; 00:00:02     ; 1.0                     ; 163 MB              ; 00:00:02                           ;
; Fitter                  ; 00:00:01     ; 1.0                     ; 131 MB              ; 00:00:01                           ;
; Assembler               ; 00:00:01     ; 1.0                     ; 139 MB              ; 00:00:01                           ;
; Classic Timing Analyzer ; 00:00:00     ; 1.0                     ; 110 MB              ; 00:00:01                           ;
; Design Assistant        ; 00:00:01     ; 1.0                     ; 112 MB              ; 00:00:01                           ;
; Total                   ; 00:00:05     ; --                      ; --                  ; 00:00:06                           ;
+-------------------------+--------------+-------------------------+---------------------+------------------------------------+


+---------------------------------------------------------------------------------------+
; Flow OS Summary                                                                       ;
+-------------------------+------------------+------------+------------+----------------+
; Module Name             ; Machine Hostname ; OS Name    ; OS Version ; Processor type ;
+-------------------------+------------------+------------+------------+----------------+
; Analysis & Synthesis    ; steward-0ed4f4c  ; Windows XP ; 5.1        ; i686           ;
; Fitter                  ; steward-0ed4f4c  ; Windows XP ; 5.1        ; i686           ;
; Assembler               ; steward-0ed4f4c  ; Windows XP ; 5.1        ; i686           ;
; Classic Timing Analyzer ; steward-0ed4f4c  ; Windows XP ; 5.1        ; i686           ;
; Design Assistant        ; steward-0ed4f4c  ; Windows XP ; 5.1        ; i686           ;
+-------------------------+------------------+------------+------------+----------------+


------------
; Flow Log ;
------------
quartus_map --read_settings_files=on --write_settings_files=off GG_AV -c GG_AV
quartus_fit --read_settings_files=off --write_settings_files=off GG_AV -c GG_AV
quartus_asm --read_settings_files=off --write_settings_files=off GG_AV -c GG_AV
quartus_tan --read_settings_files=off --write_settings_files=off GG_AV -c GG_AV
quartus_drc --read_settings_files=off --write_settings_files=off GG_AV -c GG_AV



